<?xml version="1.0" encoding="UTF-8"?>
<TestRun id="daa7645a-f413-4345-ab8d-23e7424ee67e" name="Jorge.Perez@INVTMIAWSDV13 2011-06-09 14:59:12" runUser="INTERNAL\Jorge.Perez" xmlns="http://microsoft.com/schemas/VisualStudio/TeamTest/2010">
  <TestSettings name="Local" id="09d6fe09-d66b-439c-ae29-c3c51291b326">
    <Description>These are default test settings for a local test run.</Description>
    <Deployment enabled="false" runDeploymentRoot="Jorge.Perez_INVTMIAWSDV13 2011-06-09 14_59_12" />
    <Execution>
      <TestTypeSpecific />
      <AgentRule name="Execution Agents">
      </AgentRule>
    </Execution>
  </TestSettings>
  <Times creation="2011-06-09T14:59:12.8403060-04:00" queuing="2011-06-09T14:59:13.8393060-04:00" start="2011-06-09T14:59:13.9903060-04:00" finish="2011-06-09T14:59:17.1313060-04:00" />
  <ResultSummary outcome="Completed">
    <Counters total="1" executed="1" passed="1" error="0" failed="0" timeout="0" aborted="0" inconclusive="0" passedButRunAborted="0" notRunnable="0" notExecuted="0" disconnected="0" warning="0" completed="0" inProgress="0" pending="0" />
  </ResultSummary>
  <TestDefinitions>
    <UnitTest name="QueryList" storage="c:\jorge\jorgeprg\c_sharp\examples\ling_examples\ling_examples\bin\debug\ling_examples.dll" id="c571e26c-a79a-eea4-b7a9-9f4ffb5b85a1">
      <Execution id="cfec5399-03cd-463d-a2fc-49a4038a86ce" />
      <TestMethod codeBase="C:/Jorge/jorgeprg/C_Sharp/Examples/LING_Examples/LING_Examples/bin/Debug/LING_Examples.DLL" adapterTypeName="Microsoft.VisualStudio.TestTools.TestTypes.Unit.UnitTestAdapter, Microsoft.VisualStudio.QualityTools.Tips.UnitTest.Adapter, Version=10.0.0.0, Culture=neutral, PublicKeyToken=b03f5f7f11d50a3a" className="LING_Examples.QueryLists, LING_Examples, Version=1.0.0.0, Culture=neutral, PublicKeyToken=null" name="QueryList" />
    </UnitTest>
  </TestDefinitions>
  <TestLists>
    <TestList name="Results Not in a List" id="8c84fa94-04c1-424b-9868-57a2d4851a1d" />
    <TestList name="All Loaded Results" id="19431567-8539-422a-85d7-44ee4e166bda" />
  </TestLists>
  <TestEntries>
    <TestEntry testId="c571e26c-a79a-eea4-b7a9-9f4ffb5b85a1" executionId="cfec5399-03cd-463d-a2fc-49a4038a86ce" testListId="8c84fa94-04c1-424b-9868-57a2d4851a1d" />
  </TestEntries>
  <Results>
    <UnitTestResult executionId="cfec5399-03cd-463d-a2fc-49a4038a86ce" testId="c571e26c-a79a-eea4-b7a9-9f4ffb5b85a1" testName="QueryList" computerName="INVTMIAWSDV13" duration="00:00:02.4608522" startTime="2011-06-09T14:59:14.1323060-04:00" endTime="2011-06-09T14:59:17.0943060-04:00" testType="13cdc9d9-ddb5-4fa4-a97d-d965ccfc6d4b" outcome="Passed" testListId="8c84fa94-04c1-424b-9868-57a2d4851a1d" relativeResultsDirectory="cfec5399-03cd-463d-a2fc-49a4038a86ce">
      <Output>
        <DebugTrace>BURKE
DAVID
FRANK
</DebugTrace>
      </Output>
    </UnitTestResult>
  </Results>
</TestRun>