<?xml version="1.0" encoding="UTF-8"?>
<TestRun id="3df62981-374d-457b-bede-0956bc9a540c" name="Jorge.Perez@INVTMIAWSDV13 2011-06-09 15:11:47" runUser="INTERNAL\Jorge.Perez" xmlns="http://microsoft.com/schemas/VisualStudio/TeamTest/2010">
  <TestSettings name="Local" id="09d6fe09-d66b-439c-ae29-c3c51291b326">
    <Description>These are default test settings for a local test run.</Description>
    <Deployment enabled="false" runDeploymentRoot="Jorge.Perez_INVTMIAWSDV13 2011-06-09 15_11_47" />
    <Execution>
      <TestTypeSpecific />
      <AgentRule name="Execution Agents">
      </AgentRule>
    </Execution>
  </TestSettings>
  <Times creation="2011-06-09T15:11:47.9453060-04:00" queuing="2011-06-09T15:11:48.1403060-04:00" start="2011-06-09T15:11:48.1703060-04:00" finish="2011-06-09T15:11:48.4073060-04:00" />
  <ResultSummary outcome="Completed">
    <Counters total="2" executed="2" passed="2" error="0" failed="0" timeout="0" aborted="0" inconclusive="0" passedButRunAborted="0" notRunnable="0" notExecuted="0" disconnected="0" warning="0" completed="0" inProgress="0" pending="0" />
  </ResultSummary>
  <TestDefinitions>
    <UnitTest name="QueryListUsingQueryExpressions" storage="c:\jorge\jorgeprg\c_sharp\examples\ling_examples\ling_examples\bin\debug\ling_examples.dll" id="99b79b9e-6ff0-4e32-3cdf-fd66f206879b">
      <Execution id="443007a5-4aac-4f46-a69c-293bb57c51a3" />
      <TestMethod codeBase="C:/Jorge/jorgeprg/C_Sharp/Examples/LING_Examples/LING_Examples/bin/Debug/LING_Examples.DLL" adapterTypeName="Microsoft.VisualStudio.TestTools.TestTypes.Unit.UnitTestAdapter, Microsoft.VisualStudio.QualityTools.Tips.UnitTest.Adapter, Version=10.0.0.0, Culture=neutral, PublicKeyToken=b03f5f7f11d50a3a" className="LING_Examples.QueryLists, LING_Examples, Version=1.0.0.0, Culture=neutral, PublicKeyToken=null" name="QueryListUsingQueryExpressions" />
    </UnitTest>
    <UnitTest name="QueryListUsingExplicitSyntax" storage="c:\jorge\jorgeprg\c_sharp\examples\ling_examples\ling_examples\bin\debug\ling_examples.dll" id="93700bc6-5390-d5df-e1ae-26e24f167ed1">
      <Execution id="079c9ed2-920c-4a1c-a4b0-e48311225b3d" />
      <TestMethod codeBase="C:/Jorge/jorgeprg/C_Sharp/Examples/LING_Examples/LING_Examples/bin/Debug/LING_Examples.DLL" adapterTypeName="Microsoft.VisualStudio.TestTools.TestTypes.Unit.UnitTestAdapter, Microsoft.VisualStudio.QualityTools.Tips.UnitTest.Adapter, Version=10.0.0.0, Culture=neutral, PublicKeyToken=b03f5f7f11d50a3a" className="LING_Examples.QueryLists, LING_Examples, Version=1.0.0.0, Culture=neutral, PublicKeyToken=null" name="QueryListUsingExplicitSyntax" />
    </UnitTest>
  </TestDefinitions>
  <TestLists>
    <TestList name="Results Not in a List" id="8c84fa94-04c1-424b-9868-57a2d4851a1d" />
    <TestList name="All Loaded Results" id="19431567-8539-422a-85d7-44ee4e166bda" />
  </TestLists>
  <TestEntries>
    <TestEntry testId="99b79b9e-6ff0-4e32-3cdf-fd66f206879b" executionId="443007a5-4aac-4f46-a69c-293bb57c51a3" testListId="8c84fa94-04c1-424b-9868-57a2d4851a1d" />
    <TestEntry testId="93700bc6-5390-d5df-e1ae-26e24f167ed1" executionId="079c9ed2-920c-4a1c-a4b0-e48311225b3d" testListId="8c84fa94-04c1-424b-9868-57a2d4851a1d" />
  </TestEntries>
  <Results>
    <UnitTestResult executionId="443007a5-4aac-4f46-a69c-293bb57c51a3" testId="99b79b9e-6ff0-4e32-3cdf-fd66f206879b" testName="QueryListUsingQueryExpressions" computerName="INVTMIAWSDV13" duration="00:00:00.0118973" startTime="2011-06-09T15:11:48.1783060-04:00" endTime="2011-06-09T15:11:48.3853060-04:00" testType="13cdc9d9-ddb5-4fa4-a97d-d965ccfc6d4b" outcome="Passed" testListId="8c84fa94-04c1-424b-9868-57a2d4851a1d" relativeResultsDirectory="443007a5-4aac-4f46-a69c-293bb57c51a3">
      <Output>
        <DebugTrace>BURKE
DAVID
FRANK
</DebugTrace>
      </Output>
    </UnitTestResult>
    <UnitTestResult executionId="079c9ed2-920c-4a1c-a4b0-e48311225b3d" testId="93700bc6-5390-d5df-e1ae-26e24f167ed1" testName="QueryListUsingExplicitSyntax" computerName="INVTMIAWSDV13" duration="00:00:00.0009069" startTime="2011-06-09T15:11:48.3873060-04:00" endTime="2011-06-09T15:11:48.3923060-04:00" testType="13cdc9d9-ddb5-4fa4-a97d-d965ccfc6d4b" outcome="Passed" testListId="8c84fa94-04c1-424b-9868-57a2d4851a1d" relativeResultsDirectory="079c9ed2-920c-4a1c-a4b0-e48311225b3d">
      <Output>
        <DebugTrace>BURKE
DAVID
FRANK
</DebugTrace>
      </Output>
    </UnitTestResult>
  </Results>
</TestRun>