<?xml version="1.0" encoding="UTF-8"?>
<TestRun id="e71c35a9-26fe-44a9-9033-09acd114ec88" name="Jorge.Perez@INVTMIAWSDV13 2011-06-09 15:12:00" runUser="INTERNAL\Jorge.Perez" xmlns="http://microsoft.com/schemas/VisualStudio/TeamTest/2010">
  <TestSettings name="Local" id="09d6fe09-d66b-439c-ae29-c3c51291b326">
    <Description>These are default test settings for a local test run.</Description>
    <Deployment enabled="false" runDeploymentRoot="Jorge.Perez_INVTMIAWSDV13 2011-06-09 15_12_00" />
    <Execution>
      <TestTypeSpecific />
      <AgentRule name="Execution Agents">
      </AgentRule>
    </Execution>
  </TestSettings>
  <Times creation="2011-06-09T15:12:00.6373060-04:00" queuing="2011-06-09T15:12:01.6383060-04:00" start="2011-06-09T15:12:01.7893060-04:00" finish="2011-06-09T15:12:30.8493060-04:00" />
  <ResultSummary outcome="Error">
    <Counters total="2" executed="1" error="0" failed="0" timeout="0" aborted="1" inconclusive="0" passedButRunAborted="0" notRunnable="0" notExecuted="1" disconnected="0" warning="0" passed="0" completed="0" inProgress="0" pending="0" />
    <RunInfos>
      <RunInfo computerName="INVTMIAWSDV13" outcome="Error" timestamp="2011-06-09T15:12:30.8483060-04:00">
        <Text>Test host process exited unexpectedly.</Text>
      </RunInfo>
    </RunInfos>
  </ResultSummary>
  <TestDefinitions>
    <UnitTest name="QueryListUsingQueryExpressions" storage="c:\jorge\jorgeprg\c_sharp\examples\ling_examples\ling_examples\bin\debug\ling_examples.dll" id="99b79b9e-6ff0-4e32-3cdf-fd66f206879b">
      <Execution id="a8b26b49-5613-4192-b2b5-4d0cc9dc8767" />
      <TestMethod codeBase="C:/Jorge/jorgeprg/C_Sharp/Examples/LING_Examples/LING_Examples/bin/Debug/LING_Examples.DLL" adapterTypeName="Microsoft.VisualStudio.TestTools.TestTypes.Unit.UnitTestAdapter, Microsoft.VisualStudio.QualityTools.Tips.UnitTest.Adapter, Version=10.0.0.0, Culture=neutral, PublicKeyToken=b03f5f7f11d50a3a" className="LING_Examples.QueryLists, LING_Examples, Version=1.0.0.0, Culture=neutral, PublicKeyToken=null" name="QueryListUsingQueryExpressions" />
    </UnitTest>
    <UnitTest name="QueryListUsingExplicitSyntax" storage="c:\jorge\jorgeprg\c_sharp\examples\ling_examples\ling_examples\bin\debug\ling_examples.dll" id="93700bc6-5390-d5df-e1ae-26e24f167ed1">
      <Execution id="ed88e954-8051-45c3-8848-6524a15547da" />
      <TestMethod codeBase="C:/Jorge/jorgeprg/C_Sharp/Examples/LING_Examples/LING_Examples/bin/Debug/LING_Examples.DLL" adapterTypeName="Microsoft.VisualStudio.TestTools.TestTypes.Unit.UnitTestAdapter, Microsoft.VisualStudio.QualityTools.Tips.UnitTest.Adapter, Version=10.0.0.0, Culture=neutral, PublicKeyToken=b03f5f7f11d50a3a" className="LING_Examples.QueryLists, LING_Examples, Version=1.0.0.0, Culture=neutral, PublicKeyToken=null" name="QueryListUsingExplicitSyntax" />
    </UnitTest>
  </TestDefinitions>
  <TestLists>
    <TestList name="Results Not in a List" id="8c84fa94-04c1-424b-9868-57a2d4851a1d" />
    <TestList name="All Loaded Results" id="19431567-8539-422a-85d7-44ee4e166bda" />
  </TestLists>
  <TestEntries>
    <TestEntry testId="99b79b9e-6ff0-4e32-3cdf-fd66f206879b" executionId="a8b26b49-5613-4192-b2b5-4d0cc9dc8767" testListId="8c84fa94-04c1-424b-9868-57a2d4851a1d" />
    <TestEntry testId="93700bc6-5390-d5df-e1ae-26e24f167ed1" executionId="ed88e954-8051-45c3-8848-6524a15547da" testListId="8c84fa94-04c1-424b-9868-57a2d4851a1d" />
  </TestEntries>
  <Results>
    <UnitTestResult executionId="a8b26b49-5613-4192-b2b5-4d0cc9dc8767" testId="99b79b9e-6ff0-4e32-3cdf-fd66f206879b" testName="QueryListUsingQueryExpressions" computerName="INVTMIAWSDV13" duration="00:00:28.9130000" startTime="2011-06-09T15:12:01.9363060-04:00" endTime="2011-06-09T15:12:30.8493060-04:00" testType="13cdc9d9-ddb5-4fa4-a97d-d965ccfc6d4b" outcome="Aborted" testListId="8c84fa94-04c1-424b-9868-57a2d4851a1d" relativeResultsDirectory="a8b26b49-5613-4192-b2b5-4d0cc9dc8767">
    </UnitTestResult>
    <UnitTestResult executionId="ed88e954-8051-45c3-8848-6524a15547da" testId="93700bc6-5390-d5df-e1ae-26e24f167ed1" testName="QueryListUsingExplicitSyntax" computerName="INVTMIAWSDV13" testType="13cdc9d9-ddb5-4fa4-a97d-d965ccfc6d4b" outcome="NotExecuted" testListId="8c84fa94-04c1-424b-9868-57a2d4851a1d" relativeResultsDirectory="ed88e954-8051-45c3-8848-6524a15547da">
    </UnitTestResult>
  </Results>
</TestRun>